  scr.c
f:\edu\projects\vs2015\roundrobinsimulation\roundrobinsimulation\scr.c(114): warning C4113: 'void (__cdecl *)()' differs in parameter lists from 'void (__cdecl *)(void)'
f:\edu\projects\vs2015\roundrobinsimulation\roundrobinsimulation\scr.c(119): warning C4113: 'void (__cdecl *)()' differs in parameter lists from 'void (__cdecl *)(void)'
f:\edu\projects\vs2015\roundrobinsimulation\roundrobinsimulation\scr.c(123): warning C4996: 'getch': The POSIX name for this item is deprecated. Instead, use the ISO C and C++ conformant name: _getch. See online help for details.
  c:\program files (x86)\windows kits\10\include\10.0.10240.0\ucrt\conio.h(452): note: see declaration of 'getch'
f:\edu\projects\vs2015\roundrobinsimulation\roundrobinsimulation\scr.c(134): warning C4996: 'getch': The POSIX name for this item is deprecated. Instead, use the ISO C and C++ conformant name: _getch. See online help for details.
  c:\program files (x86)\windows kits\10\include\10.0.10240.0\ucrt\conio.h(452): note: see declaration of 'getch'
f:\edu\projects\vs2015\roundrobinsimulation\roundrobinsimulation\scr.c(145): warning C4996: 'scanf': This function or variable may be unsafe. Consider using scanf_s instead. To disable deprecation, use _CRT_SECURE_NO_WARNINGS. See online help for details.
  c:\program files (x86)\windows kits\10\include\10.0.10240.0\ucrt\stdio.h(1270): note: see declaration of 'scanf'
f:\edu\projects\vs2015\roundrobinsimulation\roundrobinsimulation\scr.c(163): warning C4996: 'scanf': This function or variable may be unsafe. Consider using scanf_s instead. To disable deprecation, use _CRT_SECURE_NO_WARNINGS. See online help for details.
  c:\program files (x86)\windows kits\10\include\10.0.10240.0\ucrt\stdio.h(1270): note: see declaration of 'scanf'
f:\edu\projects\vs2015\roundrobinsimulation\roundrobinsimulation\scr.c(177): warning C4996: 'scanf': This function or variable may be unsafe. Consider using scanf_s instead. To disable deprecation, use _CRT_SECURE_NO_WARNINGS. See online help for details.
  c:\program files (x86)\windows kits\10\include\10.0.10240.0\ucrt\stdio.h(1270): note: see declaration of 'scanf'
f:\edu\projects\vs2015\roundrobinsimulation\roundrobinsimulation\scr.c(140): warning C4101: 'swap': unreferenced local variable
f:\edu\projects\vs2015\roundrobinsimulation\roundrobinsimulation\scr.c(139): warning C4101: 'j': unreferenced local variable
f:\edu\projects\vs2015\roundrobinsimulation\roundrobinsimulation\scr.c(262): warning C4244: '=': conversion from 'double' to 'float', possible loss of data
f:\edu\projects\vs2015\roundrobinsimulation\roundrobinsimulation\scr.c(263): warning C4244: '=': conversion from 'double' to 'float', possible loss of data
f:\edu\projects\vs2015\roundrobinsimulation\roundrobinsimulation\scr.c(318): warning C4305: '-=': truncation from 'double' to 'float'
f:\edu\projects\vs2015\roundrobinsimulation\roundrobinsimulation\scr.c(322): warning C4305: '+=': truncation from 'double' to 'float'
f:\edu\projects\vs2015\roundrobinsimulation\roundrobinsimulation\scr.c(345): warning C4305: '-=': truncation from 'double' to 'float'
f:\edu\projects\vs2015\roundrobinsimulation\roundrobinsimulation\scr.c(349): warning C4305: '+=': truncation from 'double' to 'float'
f:\edu\projects\vs2015\roundrobinsimulation\roundrobinsimulation\scr.c(359): warning C4101: 'i': unreferenced local variable
f:\edu\projects\vs2015\roundrobinsimulation\roundrobinsimulation\scr.c(363): warning C4101: 'winZ': unreferenced local variable
f:\edu\projects\vs2015\roundrobinsimulation\roundrobinsimulation\scr.c(437): warning C4244: 'function': conversion from 'int' to 'GLfloat', possible loss of data
f:\edu\projects\vs2015\roundrobinsimulation\roundrobinsimulation\scr.c(438): warning C4244: 'function': conversion from 'int' to 'GLfloat', possible loss of data
f:\edu\projects\vs2015\roundrobinsimulation\roundrobinsimulation\scr.c(440): warning C4244: 'function': conversion from 'int' to 'GLfloat', possible loss of data
f:\edu\projects\vs2015\roundrobinsimulation\roundrobinsimulation\scr.c(441): warning C4244: 'function': conversion from 'double' to 'GLfloat', possible loss of data
f:\edu\projects\vs2015\roundrobinsimulation\roundrobinsimulation\scr.c(443): warning C4244: 'function': conversion from 'int' to 'GLfloat', possible loss of data
f:\edu\projects\vs2015\roundrobinsimulation\roundrobinsimulation\scr.c(444): warning C4244: 'function': conversion from 'double' to 'GLfloat', possible loss of data
f:\edu\projects\vs2015\roundrobinsimulation\roundrobinsimulation\scr.c(454): warning C4244: 'function': conversion from 'double' to 'GLfloat', possible loss of data
f:\edu\projects\vs2015\roundrobinsimulation\roundrobinsimulation\scr.c(455): warning C4244: 'function': conversion from 'double' to 'GLfloat', possible loss of data
f:\edu\projects\vs2015\roundrobinsimulation\roundrobinsimulation\scr.c(455): warning C4305: 'function': truncation from 'double' to 'GLfloat'
f:\edu\projects\vs2015\roundrobinsimulation\roundrobinsimulation\scr.c(460): warning C4244: 'function': conversion from 'double' to 'GLfloat', possible loss of data
f:\edu\projects\vs2015\roundrobinsimulation\roundrobinsimulation\scr.c(461): warning C4244: 'function': conversion from 'double' to 'GLfloat', possible loss of data
f:\edu\projects\vs2015\roundrobinsimulation\roundrobinsimulation\scr.c(461): warning C4305: 'function': truncation from 'double' to 'GLfloat'
f:\edu\projects\vs2015\roundrobinsimulation\roundrobinsimulation\scr.c(467): warning C4305: 'function': truncation from 'double' to 'GLfloat'
f:\edu\projects\vs2015\roundrobinsimulation\roundrobinsimulation\scr.c(468): warning C4244: 'function': conversion from 'int' to 'GLfloat', possible loss of data
f:\edu\projects\vs2015\roundrobinsimulation\roundrobinsimulation\scr.c(469): warning C4244: 'function': conversion from 'double' to 'GLfloat', possible loss of data
f:\edu\projects\vs2015\roundrobinsimulation\roundrobinsimulation\scr.c(471): warning C4244: 'function': conversion from 'double' to 'GLfloat', possible loss of data
f:\edu\projects\vs2015\roundrobinsimulation\roundrobinsimulation\scr.c(472): warning C4244: 'function': conversion from 'double' to 'GLfloat', possible loss of data
f:\edu\projects\vs2015\roundrobinsimulation\roundrobinsimulation\scr.c(472): warning C4305: 'function': truncation from 'double' to 'GLfloat'
f:\edu\projects\vs2015\roundrobinsimulation\roundrobinsimulation\scr.c(474): warning C4244: 'function': conversion from 'double' to 'GLfloat', possible loss of data
f:\edu\projects\vs2015\roundrobinsimulation\roundrobinsimulation\scr.c(475): warning C4244: 'function': conversion from 'double' to 'GLfloat', possible loss of data
f:\edu\projects\vs2015\roundrobinsimulation\roundrobinsimulation\scr.c(475): warning C4305: 'function': truncation from 'double' to 'GLfloat'
f:\edu\projects\vs2015\roundrobinsimulation\roundrobinsimulation\scr.c(481): warning C4305: 'function': truncation from 'double' to 'GLfloat'
f:\edu\projects\vs2015\roundrobinsimulation\roundrobinsimulation\scr.c(482): warning C4244: 'function': conversion from 'int' to 'GLfloat', possible loss of data
f:\edu\projects\vs2015\roundrobinsimulation\roundrobinsimulation\scr.c(483): warning C4244: 'function': conversion from 'double' to 'GLfloat', possible loss of data
f:\edu\projects\vs2015\roundrobinsimulation\roundrobinsimulation\scr.c(485): warning C4244: 'function': conversion from 'double' to 'GLfloat', possible loss of data
f:\edu\projects\vs2015\roundrobinsimulation\roundrobinsimulation\scr.c(486): warning C4244: 'function': conversion from 'double' to 'GLfloat', possible loss of data
f:\edu\projects\vs2015\roundrobinsimulation\roundrobinsimulation\scr.c(488): warning C4244: 'function': conversion from 'double' to 'GLfloat', possible loss of data
f:\edu\projects\vs2015\roundrobinsimulation\roundrobinsimulation\scr.c(489): warning C4244: 'function': conversion from 'double' to 'GLfloat', possible loss of data
f:\edu\projects\vs2015\roundrobinsimulation\roundrobinsimulation\scr.c(491): warning C4244: 'function': conversion from 'double' to 'GLfloat', possible loss of data
f:\edu\projects\vs2015\roundrobinsimulation\roundrobinsimulation\scr.c(492): warning C4244: 'function': conversion from 'double' to 'GLfloat', possible loss of data
f:\edu\projects\vs2015\roundrobinsimulation\roundrobinsimulation\scr.c(494): warning C4244: 'function': conversion from 'double' to 'GLfloat', possible loss of data
f:\edu\projects\vs2015\roundrobinsimulation\roundrobinsimulation\scr.c(495): warning C4244: 'function': conversion from 'double' to 'GLfloat', possible loss of data
f:\edu\projects\vs2015\roundrobinsimulation\roundrobinsimulation\scr.c(419): warning C4101: 'angle': unreferenced local variable
f:\edu\projects\vs2015\roundrobinsimulation\roundrobinsimulation\scr.c(512): warning C4244: 'function': conversion from 'double' to 'GLfloat', possible loss of data
f:\edu\projects\vs2015\roundrobinsimulation\roundrobinsimulation\scr.c(512): warning C4244: 'function': conversion from 'int' to 'GLfloat', possible loss of data
f:\edu\projects\vs2015\roundrobinsimulation\roundrobinsimulation\scr.c(513): warning C4244: '+=': conversion from 'double' to 'float', possible loss of data
f:\edu\projects\vs2015\roundrobinsimulation\roundrobinsimulation\scr.c(560): warning C4022: 'glutBitmapCharacter': pointer mismatch for actual parameter 1
f:\edu\projects\vs2015\roundrobinsimulation\roundrobinsimulation\scr.c(569): warning C4305: 'function': truncation from 'double' to 'float'
f:\edu\projects\vs2015\roundrobinsimulation\roundrobinsimulation\scr.c(570): warning C4305: 'function': truncation from 'double' to 'float'
f:\edu\projects\vs2015\roundrobinsimulation\roundrobinsimulation\scr.c(571): warning C4305: 'function': truncation from 'double' to 'float'
f:\edu\projects\vs2015\roundrobinsimulation\roundrobinsimulation\scr.c(572): warning C4305: 'function': truncation from 'double' to 'float'
f:\edu\projects\vs2015\roundrobinsimulation\roundrobinsimulation\scr.c(573): warning C4305: 'function': truncation from 'double' to 'float'
f:\edu\projects\vs2015\roundrobinsimulation\roundrobinsimulation\scr.c(574): warning C4305: 'function': truncation from 'double' to 'float'
f:\edu\projects\vs2015\roundrobinsimulation\roundrobinsimulation\scr.c(584): warning C4305: 'function': truncation from 'double' to 'GLfloat'
f:\edu\projects\vs2015\roundrobinsimulation\roundrobinsimulation\scr.c(588): warning C4244: 'function': conversion from 'double' to 'float', possible loss of data
f:\edu\projects\vs2015\roundrobinsimulation\roundrobinsimulation\scr.c(588): warning C4305: 'function': truncation from 'double' to 'float'
f:\edu\projects\vs2015\roundrobinsimulation\roundrobinsimulation\scr.c(593): warning C4244: 'function': conversion from 'double' to 'float', possible loss of data
f:\edu\projects\vs2015\roundrobinsimulation\roundrobinsimulation\scr.c(593): warning C4305: 'function': truncation from 'double' to 'float'
f:\edu\projects\vs2015\roundrobinsimulation\roundrobinsimulation\scr.c(595): warning C4305: 'function': truncation from 'double' to 'GLfloat'
f:\edu\projects\vs2015\roundrobinsimulation\roundrobinsimulation\scr.c(597): warning C4305: 'function': truncation from 'double' to 'float'
f:\edu\projects\vs2015\roundrobinsimulation\roundrobinsimulation\scr.c(599): warning C4244: 'function': conversion from 'double' to 'float', possible loss of data
f:\edu\projects\vs2015\roundrobinsimulation\roundrobinsimulation\scr.c(599): warning C4305: 'function': truncation from 'double' to 'float'
f:\edu\projects\vs2015\roundrobinsimulation\roundrobinsimulation\scr.c(601): warning C4305: 'function': truncation from 'double' to 'GLfloat'
f:\edu\projects\vs2015\roundrobinsimulation\roundrobinsimulation\scr.c(604): warning C4047: 'function': 'int' differs in levels of indirection from 'void *'
f:\edu\projects\vs2015\roundrobinsimulation\roundrobinsimulation\scr.c(604): warning C4024: 'draw_2d_text': different types for formal and actual parameter 5
f:\edu\projects\vs2015\roundrobinsimulation\roundrobinsimulation\scr.c(605): warning C4305: 'function': truncation from 'double' to 'float'
f:\edu\projects\vs2015\roundrobinsimulation\roundrobinsimulation\scr.c(605): warning C4047: 'function': 'int' differs in levels of indirection from 'void *'
f:\edu\projects\vs2015\roundrobinsimulation\roundrobinsimulation\scr.c(605): warning C4024: 'draw_2d_text': different types for formal and actual parameter 5
f:\edu\projects\vs2015\roundrobinsimulation\roundrobinsimulation\scr.c(606): warning C4305: 'function': truncation from 'double' to 'float'
f:\edu\projects\vs2015\roundrobinsimulation\roundrobinsimulation\scr.c(606): warning C4047: 'function': 'int' differs in levels of indirection from 'void *'
f:\edu\projects\vs2015\roundrobinsimulation\roundrobinsimulation\scr.c(606): warning C4024: 'draw_2d_text': different types for formal and actual parameter 5
f:\edu\projects\vs2015\roundrobinsimulation\roundrobinsimulation\scr.c(607): warning C4305: 'function': truncation from 'double' to 'float'
f:\edu\projects\vs2015\roundrobinsimulation\roundrobinsimulation\scr.c(607): warning C4047: 'function': 'int' differs in levels of indirection from 'void *'
f:\edu\projects\vs2015\roundrobinsimulation\roundrobinsimulation\scr.c(607): warning C4024: 'draw_2d_text': different types for formal and actual parameter 5
f:\edu\projects\vs2015\roundrobinsimulation\roundrobinsimulation\scr.c(608): warning C4047: 'function': 'int' differs in levels of indirection from 'void *'
f:\edu\projects\vs2015\roundrobinsimulation\roundrobinsimulation\scr.c(608): warning C4024: 'draw_2d_text': different types for formal and actual parameter 5
f:\edu\projects\vs2015\roundrobinsimulation\roundrobinsimulation\scr.c(611): warning C4305: 'function': truncation from 'double' to 'float'
f:\edu\projects\vs2015\roundrobinsimulation\roundrobinsimulation\scr.c(611): warning C4047: 'function': 'int' differs in levels of indirection from 'void *'
f:\edu\projects\vs2015\roundrobinsimulation\roundrobinsimulation\scr.c(611): warning C4024: 'draw_2d_text': different types for formal and actual parameter 5
f:\edu\projects\vs2015\roundrobinsimulation\roundrobinsimulation\scr.c(613): warning C4305: 'function': truncation from 'double' to 'float'
f:\edu\projects\vs2015\roundrobinsimulation\roundrobinsimulation\scr.c(613): warning C4047: 'function': 'int' differs in levels of indirection from 'void *'
f:\edu\projects\vs2015\roundrobinsimulation\roundrobinsimulation\scr.c(613): warning C4024: 'draw_2d_text': different types for formal and actual parameter 5
f:\edu\projects\vs2015\roundrobinsimulation\roundrobinsimulation\scr.c(615): warning C4244: 'function': conversion from 'double' to 'float', possible loss of data
f:\edu\projects\vs2015\roundrobinsimulation\roundrobinsimulation\scr.c(615): warning C4047: 'function': 'int' differs in levels of indirection from 'void *'
f:\edu\projects\vs2015\roundrobinsimulation\roundrobinsimulation\scr.c(615): warning C4024: 'draw_2d_text': different types for formal and actual parameter 5
f:\edu\projects\vs2015\roundrobinsimulation\roundrobinsimulation\scr.c(635): warning C4305: 'function': truncation from 'double' to 'float'
f:\edu\projects\vs2015\roundrobinsimulation\roundrobinsimulation\scr.c(635): warning C4047: 'function': 'int' differs in levels of indirection from 'void *'
f:\edu\projects\vs2015\roundrobinsimulation\roundrobinsimulation\scr.c(635): warning C4024: 'draw_2d_text': different types for formal and actual parameter 5
f:\edu\projects\vs2015\roundrobinsimulation\roundrobinsimulation\scr.c(636): warning C4047: 'function': 'int' differs in levels of indirection from 'void *'
f:\edu\projects\vs2015\roundrobinsimulation\roundrobinsimulation\scr.c(636): warning C4024: 'draw_2d_text': different types for formal and actual parameter 5
f:\edu\projects\vs2015\roundrobinsimulation\roundrobinsimulation\scr.c(639): warning C4305: 'function': truncation from 'double' to 'float'
f:\edu\projects\vs2015\roundrobinsimulation\roundrobinsimulation\scr.c(639): warning C4047: 'function': 'int' differs in levels of indirection from 'void *'
f:\edu\projects\vs2015\roundrobinsimulation\roundrobinsimulation\scr.c(639): warning C4024: 'draw_2d_text': different types for formal and actual parameter 5
f:\edu\projects\vs2015\roundrobinsimulation\roundrobinsimulation\scr.c(642): warning C4305: 'function': truncation from 'double' to 'float'
f:\edu\projects\vs2015\roundrobinsimulation\roundrobinsimulation\scr.c(642): warning C4047: 'function': 'int' differs in levels of indirection from 'void *'
f:\edu\projects\vs2015\roundrobinsimulation\roundrobinsimulation\scr.c(642): warning C4024: 'draw_2d_text': different types for formal and actual parameter 5
f:\edu\projects\vs2015\roundrobinsimulation\roundrobinsimulation\scr.c(645): warning C4047: 'function': 'int' differs in levels of indirection from 'void *'
f:\edu\projects\vs2015\roundrobinsimulation\roundrobinsimulation\scr.c(645): warning C4024: 'draw_2d_text': different types for formal and actual parameter 5
f:\edu\projects\vs2015\roundrobinsimulation\roundrobinsimulation\scr.c(648): warning C4305: 'function': truncation from 'double' to 'float'
f:\edu\projects\vs2015\roundrobinsimulation\roundrobinsimulation\scr.c(648): warning C4047: 'function': 'int' differs in levels of indirection from 'void *'
f:\edu\projects\vs2015\roundrobinsimulation\roundrobinsimulation\scr.c(648): warning C4024: 'draw_2d_text': different types for formal and actual parameter 5
f:\edu\projects\vs2015\roundrobinsimulation\roundrobinsimulation\scr.c(656): warning C4305: 'function': truncation from 'double' to 'GLfloat'
f:\edu\projects\vs2015\roundrobinsimulation\roundrobinsimulation\scr.c(657): warning C4244: 'function': conversion from 'double' to 'float', possible loss of data
f:\edu\projects\vs2015\roundrobinsimulation\roundrobinsimulation\scr.c(657): warning C4305: 'function': truncation from 'double' to 'float'
f:\edu\projects\vs2015\roundrobinsimulation\roundrobinsimulation\scr.c(662): warning C4244: 'function': conversion from 'double' to 'float', possible loss of data
f:\edu\projects\vs2015\roundrobinsimulation\roundrobinsimulation\scr.c(662): warning C4305: 'function': truncation from 'double' to 'float'
f:\edu\projects\vs2015\roundrobinsimulation\roundrobinsimulation\scr.c(665): warning C4305: 'function': truncation from 'double' to 'GLfloat'
f:\edu\projects\vs2015\roundrobinsimulation\roundrobinsimulation\scr.c(667): warning C4047: 'function': 'int' differs in levels of indirection from 'void *'
f:\edu\projects\vs2015\roundrobinsimulation\roundrobinsimulation\scr.c(667): warning C4024: 'draw_2d_text': different types for formal and actual parameter 5
f:\edu\projects\vs2015\roundrobinsimulation\roundrobinsimulation\scr.c(670): warning C4047: 'function': 'int' differs in levels of indirection from 'void *'
f:\edu\projects\vs2015\roundrobinsimulation\roundrobinsimulation\scr.c(670): warning C4024: 'draw_2d_text': different types for formal and actual parameter 5
f:\edu\projects\vs2015\roundrobinsimulation\roundrobinsimulation\scr.c(673): warning C4047: 'function': 'int' differs in levels of indirection from 'void *'
f:\edu\projects\vs2015\roundrobinsimulation\roundrobinsimulation\scr.c(673): warning C4024: 'draw_2d_text': different types for formal and actual parameter 5
f:\edu\projects\vs2015\roundrobinsimulation\roundrobinsimulation\scr.c(587): warning C4996: 'strcpy': This function or variable may be unsafe. Consider using strcpy_s instead. To disable deprecation, use _CRT_SECURE_NO_WARNINGS. See online help for details.
  c:\program files (x86)\windows kits\10\include\10.0.10240.0\ucrt\string.h(119): note: see declaration of 'strcpy'
f:\edu\projects\vs2015\roundrobinsimulation\roundrobinsimulation\scr.c(591): warning C4996: 'strcpy': This function or variable may be unsafe. Consider using strcpy_s instead. To disable deprecation, use _CRT_SECURE_NO_WARNINGS. See online help for details.
  c:\program files (x86)\windows kits\10\include\10.0.10240.0\ucrt\string.h(119): note: see declaration of 'strcpy'
f:\edu\projects\vs2015\roundrobinsimulation\roundrobinsimulation\scr.c(634): warning C4996: 'sprintf': This function or variable may be unsafe. Consider using sprintf_s instead. To disable deprecation, use _CRT_SECURE_NO_WARNINGS. See online help for details.
  c:\program files (x86)\windows kits\10\include\10.0.10240.0\ucrt\stdio.h(1769): note: see declaration of 'sprintf'
f:\edu\projects\vs2015\roundrobinsimulation\roundrobinsimulation\scr.c(638): warning C4996: 'sprintf': This function or variable may be unsafe. Consider using sprintf_s instead. To disable deprecation, use _CRT_SECURE_NO_WARNINGS. See online help for details.
  c:\program files (x86)\windows kits\10\include\10.0.10240.0\ucrt\stdio.h(1769): note: see declaration of 'sprintf'
f:\edu\projects\vs2015\roundrobinsimulation\roundrobinsimulation\scr.c(641): warning C4996: 'sprintf': This function or variable may be unsafe. Consider using sprintf_s instead. To disable deprecation, use _CRT_SECURE_NO_WARNINGS. See online help for details.
  c:\program files (x86)\windows kits\10\include\10.0.10240.0\ucrt\stdio.h(1769): note: see declaration of 'sprintf'
f:\edu\projects\vs2015\roundrobinsimulation\roundrobinsimulation\scr.c(644): warning C4996: 'sprintf': This function or variable may be unsafe. Consider using sprintf_s instead. To disable deprecation, use _CRT_SECURE_NO_WARNINGS. See online help for details.
  c:\program files (x86)\windows kits\10\include\10.0.10240.0\ucrt\stdio.h(1769): note: see declaration of 'sprintf'
f:\edu\projects\vs2015\roundrobinsimulation\roundrobinsimulation\scr.c(647): warning C4996: 'sprintf': This function or variable may be unsafe. Consider using sprintf_s instead. To disable deprecation, use _CRT_SECURE_NO_WARNINGS. See online help for details.
  c:\program files (x86)\windows kits\10\include\10.0.10240.0\ucrt\stdio.h(1769): note: see declaration of 'sprintf'
f:\edu\projects\vs2015\roundrobinsimulation\roundrobinsimulation\scr.c(666): warning C4996: 'sprintf': This function or variable may be unsafe. Consider using sprintf_s instead. To disable deprecation, use _CRT_SECURE_NO_WARNINGS. See online help for details.
  c:\program files (x86)\windows kits\10\include\10.0.10240.0\ucrt\stdio.h(1769): note: see declaration of 'sprintf'
f:\edu\projects\vs2015\roundrobinsimulation\roundrobinsimulation\scr.c(669): warning C4996: 'sprintf': This function or variable may be unsafe. Consider using sprintf_s instead. To disable deprecation, use _CRT_SECURE_NO_WARNINGS. See online help for details.
  c:\program files (x86)\windows kits\10\include\10.0.10240.0\ucrt\stdio.h(1769): note: see declaration of 'sprintf'
f:\edu\projects\vs2015\roundrobinsimulation\roundrobinsimulation\scr.c(672): warning C4996: 'sprintf': This function or variable may be unsafe. Consider using sprintf_s instead. To disable deprecation, use _CRT_SECURE_NO_WARNINGS. See online help for details.
  c:\program files (x86)\windows kits\10\include\10.0.10240.0\ucrt\stdio.h(1769): note: see declaration of 'sprintf'
f:\edu\projects\vs2015\roundrobinsimulation\roundrobinsimulation\scr.c(687): warning C4305: 'function': truncation from 'double' to 'GLfloat'
f:\edu\projects\vs2015\roundrobinsimulation\roundrobinsimulation\scr.c(693): warning C4244: '=': conversion from 'double' to 'float', possible loss of data
f:\edu\projects\vs2015\roundrobinsimulation\roundrobinsimulation\scr.c(696): warning C4244: '=': conversion from 'int' to 'float', possible loss of data
f:\edu\projects\vs2015\roundrobinsimulation\roundrobinsimulation\scr.c(698): warning C4996: 'sprintf': This function or variable may be unsafe. Consider using sprintf_s instead. To disable deprecation, use _CRT_SECURE_NO_WARNINGS. See online help for details.
  c:\program files (x86)\windows kits\10\include\10.0.10240.0\ucrt\stdio.h(1769): note: see declaration of 'sprintf'
f:\edu\projects\vs2015\roundrobinsimulation\roundrobinsimulation\scr.c(699): warning C4996: 'strcpy': This function or variable may be unsafe. Consider using strcpy_s instead. To disable deprecation, use _CRT_SECURE_NO_WARNINGS. See online help for details.
  c:\program files (x86)\windows kits\10\include\10.0.10240.0\ucrt\string.h(119): note: see declaration of 'strcpy'
f:\edu\projects\vs2015\roundrobinsimulation\roundrobinsimulation\scr.c(708): warning C4996: 'strcpy': This function or variable may be unsafe. Consider using strcpy_s instead. To disable deprecation, use _CRT_SECURE_NO_WARNINGS. See online help for details.
  c:\program files (x86)\windows kits\10\include\10.0.10240.0\ucrt\string.h(119): note: see declaration of 'strcpy'
f:\edu\projects\vs2015\roundrobinsimulation\roundrobinsimulation\scr.c(682): warning C4101: 'j': unreferenced local variable
f:\edu\projects\vs2015\roundrobinsimulation\roundrobinsimulation\scr.c(738): warning C4244: '+=': conversion from 'double' to 'float', possible loss of data
f:\edu\projects\vs2015\roundrobinsimulation\roundrobinsimulation\scr.c(747): warning C4244: '+=': conversion from 'double' to 'float', possible loss of data
f:\edu\projects\vs2015\roundrobinsimulation\roundrobinsimulation\scr.c(749): warning C4244: '+=': conversion from 'double' to 'float', possible loss of data
f:\edu\projects\vs2015\roundrobinsimulation\roundrobinsimulation\scr.c(768): warning C4305: '+=': truncation from 'double' to 'float'
f:\edu\projects\vs2015\roundrobinsimulation\roundrobinsimulation\scr.c(814): warning C4244: '=': conversion from 'int' to 'float', possible loss of data
f:\edu\projects\vs2015\roundrobinsimulation\roundrobinsimulation\scr.c(783): warning C4996: 'sprintf': This function or variable may be unsafe. Consider using sprintf_s instead. To disable deprecation, use _CRT_SECURE_NO_WARNINGS. See online help for details.
  c:\program files (x86)\windows kits\10\include\10.0.10240.0\ucrt\stdio.h(1769): note: see declaration of 'sprintf'
f:\edu\projects\vs2015\roundrobinsimulation\roundrobinsimulation\scr.c(785): warning C4996: 'sprintf': This function or variable may be unsafe. Consider using sprintf_s instead. To disable deprecation, use _CRT_SECURE_NO_WARNINGS. See online help for details.
  c:\program files (x86)\windows kits\10\include\10.0.10240.0\ucrt\stdio.h(1769): note: see declaration of 'sprintf'
f:\edu\projects\vs2015\roundrobinsimulation\roundrobinsimulation\scr.c(821): warning C4996: 'strcpy': This function or variable may be unsafe. Consider using strcpy_s instead. To disable deprecation, use _CRT_SECURE_NO_WARNINGS. See online help for details.
  c:\program files (x86)\windows kits\10\include\10.0.10240.0\ucrt\string.h(119): note: see declaration of 'strcpy'
f:\edu\projects\vs2015\roundrobinsimulation\roundrobinsimulation\scr.c(721): warning C4101: 'str': unreferenced local variable
f:\edu\projects\vs2015\roundrobinsimulation\roundrobinsimulation\scr.c(837): warning C4305: 'function': truncation from 'double' to 'GLfloat'
f:\edu\projects\vs2015\roundrobinsimulation\roundrobinsimulation\scr.c(841): warning C4305: 'function': truncation from 'double' to 'float'
  RoundRobinSimulation.vcxproj -> F:\EDU\Projects\VS2015\RoundRobinSimulation\Debug\RoundRobinSimulation.exe
  RoundRobinSimulation.vcxproj -> F:\EDU\Projects\VS2015\RoundRobinSimulation\Debug\RoundRobinSimulation.pdb (Full PDB)
